Analysis & Synthesis report for lab5
Fri Mar 19 23:37:19 2021
Quartus Prime Version 18.1.0 Build 625 09/12/2018 SJ Lite Edition


---------------------
; Table of Contents ;
---------------------
  1. Legal Notice
  2. Analysis & Synthesis Summary
  3. Analysis & Synthesis Settings
  4. Parallel Compilation
  5. Analysis & Synthesis Source Files Read
  6. Analysis & Synthesis Resource Usage Summary
  7. Analysis & Synthesis Resource Utilization by Entity
  8. State Machine - |slc3_testtop|slc3:slc|ISDU:state_controller|State
  9. Registers Removed During Synthesis
 10. General Register Statistics
 11. Multiplexer Restructuring Statistics (Restructuring Performed)
 12. Parameter Settings for User Entity Instance: test_memory:mem
 13. Parameter Settings for User Entity Instance: test_memory:mem|memory_parser:parser
 14. Port Connectivity Checks: "slc3:slc|datapath:d0|LED_control:LED_control_mod"
 15. Port Connectivity Checks: "slc3:slc|datapath:d0|ALUmux:ALU_mod"
 16. Port Connectivity Checks: "slc3:slc|datapath:d0|mux_4:ADDR2MUX_mod"
 17. Port Connectivity Checks: "slc3:slc|datapath:d0|mux_DR_SR1:DRMUX_mod"
 18. Port Connectivity Checks: "slc3:slc|datapath:d0"
 19. Port Connectivity Checks: "slc3:slc"
 20. Port Connectivity Checks: "sync:button_sync[0]"
 21. Post-Synthesis Netlist Statistics for Top Partition
 22. Elapsed Time Per Partition
 23. Analysis & Synthesis Messages
 24. Analysis & Synthesis Suppressed Messages



----------------
; Legal Notice ;
----------------
Copyright (C) 2018  Intel Corporation. All rights reserved.
Your use of Intel Corporation's design tools, logic functions 
and other software and tools, and its AMPP partner logic 
functions, and any output files from any of the foregoing 
(including device programming or simulation files), and any 
associated documentation or information are expressly subject 
to the terms and conditions of the Intel Program License 
Subscription Agreement, the Intel Quartus Prime License Agreement,
the Intel FPGA IP License Agreement, or other applicable license
agreement, including, without limitation, that your use is for
the sole purpose of programming logic devices manufactured by
Intel and sold by Intel or its authorized distributors.  Please
refer to the applicable agreement for further details.



+----------------------------------------------------------------------------------+
; Analysis & Synthesis Summary                                                     ;
+------------------------------------+---------------------------------------------+
; Analysis & Synthesis Status        ; Successful - Fri Mar 19 23:37:19 2021       ;
; Quartus Prime Version              ; 18.1.0 Build 625 09/12/2018 SJ Lite Edition ;
; Revision Name                      ; lab5                                        ;
; Top-level Entity Name              ; slc3_testtop                                ;
; Family                             ; MAX 10                                      ;
; Total logic elements               ; 710                                         ;
;     Total combinational functions  ; 693                                         ;
;     Dedicated logic registers      ; 250                                         ;
; Total registers                    ; 250                                         ;
; Total pins                         ; 51                                          ;
; Total virtual pins                 ; 0                                           ;
; Total memory bits                  ; 0                                           ;
; Embedded Multiplier 9-bit elements ; 0                                           ;
; Total PLLs                         ; 0                                           ;
; UFM blocks                         ; 0                                           ;
; ADC blocks                         ; 0                                           ;
+------------------------------------+---------------------------------------------+


+------------------------------------------------------------------------------------------------------------+
; Analysis & Synthesis Settings                                                                              ;
+------------------------------------------------------------------+--------------------+--------------------+
; Option                                                           ; Setting            ; Default Value      ;
+------------------------------------------------------------------+--------------------+--------------------+
; Device                                                           ; 10M50DAF484C7G     ;                    ;
; Top-level entity name                                            ; slc3_testtop       ; lab5               ;
; Family name                                                      ; MAX 10             ; Cyclone V          ;
; Use smart compilation                                            ; Off                ; Off                ;
; Enable parallel Assembler and Timing Analyzer during compilation ; On                 ; On                 ;
; Enable compact report table                                      ; Off                ; Off                ;
; Restructure Multiplexers                                         ; Auto               ; Auto               ;
; Create Debugging Nodes for IP Cores                              ; Off                ; Off                ;
; Preserve fewer node names                                        ; On                 ; On                 ;
; Intel FPGA IP Evaluation Mode                                    ; Enable             ; Enable             ;
; Verilog Version                                                  ; Verilog_2001       ; Verilog_2001       ;
; VHDL Version                                                     ; VHDL_1993          ; VHDL_1993          ;
; State Machine Processing                                         ; Auto               ; Auto               ;
; Safe State Machine                                               ; Off                ; Off                ;
; Extract Verilog State Machines                                   ; On                 ; On                 ;
; Extract VHDL State Machines                                      ; On                 ; On                 ;
; Ignore Verilog initial constructs                                ; Off                ; Off                ;
; Iteration limit for constant Verilog loops                       ; 5000               ; 5000               ;
; Iteration limit for non-constant Verilog loops                   ; 250                ; 250                ;
; Add Pass-Through Logic to Inferred RAMs                          ; On                 ; On                 ;
; Infer RAMs from Raw Logic                                        ; On                 ; On                 ;
; Parallel Synthesis                                               ; On                 ; On                 ;
; DSP Block Balancing                                              ; Auto               ; Auto               ;
; NOT Gate Push-Back                                               ; On                 ; On                 ;
; Power-Up Don't Care                                              ; On                 ; On                 ;
; Remove Redundant Logic Cells                                     ; Off                ; Off                ;
; Remove Duplicate Registers                                       ; On                 ; On                 ;
; Ignore CARRY Buffers                                             ; Off                ; Off                ;
; Ignore CASCADE Buffers                                           ; Off                ; Off                ;
; Ignore GLOBAL Buffers                                            ; Off                ; Off                ;
; Ignore ROW GLOBAL Buffers                                        ; Off                ; Off                ;
; Ignore LCELL Buffers                                             ; Off                ; Off                ;
; Ignore SOFT Buffers                                              ; On                 ; On                 ;
; Limit AHDL Integers to 32 Bits                                   ; Off                ; Off                ;
; Optimization Technique                                           ; Balanced           ; Balanced           ;
; Carry Chain Length                                               ; 70                 ; 70                 ;
; Auto Carry Chains                                                ; On                 ; On                 ;
; Auto Open-Drain Pins                                             ; On                 ; On                 ;
; Perform WYSIWYG Primitive Resynthesis                            ; Off                ; Off                ;
; Auto ROM Replacement                                             ; On                 ; On                 ;
; Auto RAM Replacement                                             ; On                 ; On                 ;
; Auto DSP Block Replacement                                       ; On                 ; On                 ;
; Auto Shift Register Replacement                                  ; Auto               ; Auto               ;
; Allow Shift Register Merging across Hierarchies                  ; Auto               ; Auto               ;
; Auto Clock Enable Replacement                                    ; On                 ; On                 ;
; Strict RAM Replacement                                           ; Off                ; Off                ;
; Allow Synchronous Control Signals                                ; On                 ; On                 ;
; Force Use of Synchronous Clear Signals                           ; Off                ; Off                ;
; Auto RAM Block Balancing                                         ; On                 ; On                 ;
; Auto RAM to Logic Cell Conversion                                ; Off                ; Off                ;
; Auto Resource Sharing                                            ; Off                ; Off                ;
; Allow Any RAM Size For Recognition                               ; Off                ; Off                ;
; Allow Any ROM Size For Recognition                               ; Off                ; Off                ;
; Allow Any Shift Register Size For Recognition                    ; Off                ; Off                ;
; Use LogicLock Constraints during Resource Balancing              ; On                 ; On                 ;
; Ignore translate_off and synthesis_off directives                ; Off                ; Off                ;
; Timing-Driven Synthesis                                          ; On                 ; On                 ;
; Report Parameter Settings                                        ; On                 ; On                 ;
; Report Source Assignments                                        ; On                 ; On                 ;
; Report Connectivity Checks                                       ; On                 ; On                 ;
; Ignore Maximum Fan-Out Assignments                               ; Off                ; Off                ;
; Synchronization Register Chain Length                            ; 2                  ; 2                  ;
; Power Optimization During Synthesis                              ; Normal compilation ; Normal compilation ;
; HDL message level                                                ; Level2             ; Level2             ;
; Suppress Register Optimization Related Messages                  ; Off                ; Off                ;
; Number of Removed Registers Reported in Synthesis Report         ; 5000               ; 5000               ;
; Number of Swept Nodes Reported in Synthesis Report               ; 5000               ; 5000               ;
; Number of Inverted Registers Reported in Synthesis Report        ; 100                ; 100                ;
; Clock MUX Protection                                             ; On                 ; On                 ;
; Auto Gated Clock Conversion                                      ; Off                ; Off                ;
; Block Design Naming                                              ; Auto               ; Auto               ;
; SDC constraint protection                                        ; Off                ; Off                ;
; Synthesis Effort                                                 ; Auto               ; Auto               ;
; Shift Register Replacement - Allow Asynchronous Clear Signal     ; On                 ; On                 ;
; Pre-Mapping Resynthesis Optimization                             ; Off                ; Off                ;
; Analysis & Synthesis Message Level                               ; Medium             ; Medium             ;
; Disable Register Merging Across Hierarchies                      ; Auto               ; Auto               ;
; Resource Aware Inference For Block RAM                           ; On                 ; On                 ;
+------------------------------------------------------------------+--------------------+--------------------+


+------------------------------------------+
; Parallel Compilation                     ;
+----------------------------+-------------+
; Processors                 ; Number      ;
+----------------------------+-------------+
; Number detected on machine ; 8           ;
; Maximum allowed            ; 4           ;
;                            ;             ;
; Average used               ; 1.00        ;
; Maximum used               ; 4           ;
;                            ;             ;
; Usage by Processor         ; % Time Used ;
;     Processor 1            ; 100.0%      ;
;     Processor 2            ;   0.0%      ;
;     Processor 3            ;   0.0%      ;
;     Processor 4            ;   0.0%      ;
+----------------------------+-------------+


+---------------------------------------------------------------------------------------------------------------------------------------------------------------------------------------------------------------------------+
; Analysis & Synthesis Source Files Read                                                                                                                                                                                    ;
+----------------------------------+-----------------+------------------------------+-----------------------------------------------------------------------------------------------------------------------------+---------+
; File Name with User-Entered Path ; Used in Netlist ; File Type                    ; File Name with Absolute Path                                                                                                ; Library ;
+----------------------------------+-----------------+------------------------------+-----------------------------------------------------------------------------------------------------------------------------+---------+
; HexDriver.sv                     ; yes             ; User SystemVerilog HDL File  ; C:/Users/siddh/Google Drive/UIUC/Academic Years/Junior/Spring 2021/ECE385/Labs/Lab 5/Lab5provided_sp2021/HexDriver.sv       ;         ;
; support_module.sv                ; yes             ; User SystemVerilog HDL File  ; C:/Users/siddh/Google Drive/UIUC/Academic Years/Junior/Spring 2021/ECE385/Labs/Lab 5/Lab5provided_sp2021/support_module.sv  ;         ;
; test_memory.sv                   ; yes             ; User SystemVerilog HDL File  ; C:/Users/siddh/Google Drive/UIUC/Academic Years/Junior/Spring 2021/ECE385/Labs/Lab 5/Lab5provided_sp2021/test_memory.sv     ;         ;
; synchronizers.sv                 ; yes             ; User SystemVerilog HDL File  ; C:/Users/siddh/Google Drive/UIUC/Academic Years/Junior/Spring 2021/ECE385/Labs/Lab 5/Lab5provided_sp2021/synchronizers.sv   ;         ;
; slc3_testtop.sv                  ; yes             ; User SystemVerilog HDL File  ; C:/Users/siddh/Google Drive/UIUC/Academic Years/Junior/Spring 2021/ECE385/Labs/Lab 5/Lab5provided_sp2021/slc3_testtop.sv    ;         ;
; SLC3_2.sv                        ; yes             ; User SystemVerilog HDL File  ; C:/Users/siddh/Google Drive/UIUC/Academic Years/Junior/Spring 2021/ECE385/Labs/Lab 5/Lab5provided_sp2021/SLC3_2.sv          ;         ;
; slc3.sv                          ; yes             ; User SystemVerilog HDL File  ; C:/Users/siddh/Google Drive/UIUC/Academic Years/Junior/Spring 2021/ECE385/Labs/Lab 5/Lab5provided_sp2021/slc3.sv            ;         ;
; memory_contents.sv               ; yes             ; User SystemVerilog HDL File  ; C:/Users/siddh/Google Drive/UIUC/Academic Years/Junior/Spring 2021/ECE385/Labs/Lab 5/Lab5provided_sp2021/memory_contents.sv ;         ;
; Mem2IO.sv                        ; yes             ; User SystemVerilog HDL File  ; C:/Users/siddh/Google Drive/UIUC/Academic Years/Junior/Spring 2021/ECE385/Labs/Lab 5/Lab5provided_sp2021/Mem2IO.sv          ;         ;
; ISDU.sv                          ; yes             ; User SystemVerilog HDL File  ; C:/Users/siddh/Google Drive/UIUC/Academic Years/Junior/Spring 2021/ECE385/Labs/Lab 5/Lab5provided_sp2021/ISDU.sv            ;         ;
+----------------------------------+-----------------+------------------------------+-----------------------------------------------------------------------------------------------------------------------------+---------+


+---------------------------------------------------------+
; Analysis & Synthesis Resource Usage Summary             ;
+---------------------------------------------+-----------+
; Resource                                    ; Usage     ;
+---------------------------------------------+-----------+
; Estimated Total logic elements              ; 710       ;
;                                             ;           ;
; Total combinational functions               ; 693       ;
; Logic element usage by number of LUT inputs ;           ;
;     -- 4 input functions                    ; 412       ;
;     -- 3 input functions                    ; 149       ;
;     -- <=2 input functions                  ; 132       ;
;                                             ;           ;
; Logic elements by mode                      ;           ;
;     -- normal mode                          ; 663       ;
;     -- arithmetic mode                      ; 30        ;
;                                             ;           ;
; Total registers                             ; 250       ;
;     -- Dedicated logic registers            ; 250       ;
;     -- I/O registers                        ; 0         ;
;                                             ;           ;
; I/O pins                                    ; 51        ;
;                                             ;           ;
; Embedded Multiplier 9-bit elements          ; 0         ;
;                                             ;           ;
; Maximum fan-out node                        ; Clk~input ;
; Maximum fan-out                             ; 250       ;
; Total fan-out                               ; 3215      ;
; Average fan-out                             ; 3.08      ;
+---------------------------------------------+-----------+


+--------------------------------------------------------------------------------------------------------------------------------------------------------------------------------------------------------------------------------------------------------------------------------------------+
; Analysis & Synthesis Resource Utilization by Entity                                                                                                                                                                                                                                        ;
+----------------------------------------+---------------------+---------------------------+-------------+------------+--------------+---------+-----------+------+--------------+------------+----------------------------------------------------------------+--------------+--------------+
; Compilation Hierarchy Node             ; Combinational ALUTs ; Dedicated Logic Registers ; Memory Bits ; UFM Blocks ; DSP Elements ; DSP 9x9 ; DSP 18x18 ; Pins ; Virtual Pins ; ADC blocks ; Full Hierarchy Name                                            ; Entity Name  ; Library Name ;
+----------------------------------------+---------------------+---------------------------+-------------+------------+--------------+---------+-----------+------+--------------+------------+----------------------------------------------------------------+--------------+--------------+
; |slc3_testtop                          ; 693 (1)             ; 250 (0)                   ; 0           ; 0          ; 0            ; 0       ; 0         ; 51   ; 0            ; 0          ; |slc3_testtop                                                  ; slc3_testtop ; work         ;
;    |slc3:slc|                          ; 692 (0)             ; 249 (0)                   ; 0           ; 0          ; 0            ; 0       ; 0         ; 0    ; 0            ; 0          ; |slc3_testtop|slc3:slc                                         ; slc3         ; work         ;
;       |HexDriver:hex_drivers[0]|       ; 7 (7)               ; 0 (0)                     ; 0           ; 0          ; 0            ; 0       ; 0         ; 0    ; 0            ; 0          ; |slc3_testtop|slc3:slc|HexDriver:hex_drivers[0]                ; HexDriver    ; work         ;
;       |HexDriver:hex_drivers[1]|       ; 7 (7)               ; 0 (0)                     ; 0           ; 0          ; 0            ; 0       ; 0         ; 0    ; 0            ; 0          ; |slc3_testtop|slc3:slc|HexDriver:hex_drivers[1]                ; HexDriver    ; work         ;
;       |HexDriver:hex_drivers[2]|       ; 7 (7)               ; 0 (0)                     ; 0           ; 0          ; 0            ; 0       ; 0         ; 0    ; 0            ; 0          ; |slc3_testtop|slc3:slc|HexDriver:hex_drivers[2]                ; HexDriver    ; work         ;
;       |HexDriver:hex_drivers[3]|       ; 7 (7)               ; 0 (0)                     ; 0           ; 0          ; 0            ; 0       ; 0         ; 0    ; 0            ; 0          ; |slc3_testtop|slc3:slc|HexDriver:hex_drivers[3]                ; HexDriver    ; work         ;
;       |ISDU:state_controller|          ; 48 (48)             ; 27 (27)                   ; 0           ; 0          ; 0            ; 0       ; 0         ; 0    ; 0            ; 0          ; |slc3_testtop|slc3:slc|ISDU:state_controller                   ; ISDU         ; work         ;
;       |Mem2IO:memory_subsystem|        ; 23 (23)             ; 16 (16)                   ; 0           ; 0          ; 0            ; 0       ; 0         ; 0    ; 0            ; 0          ; |slc3_testtop|slc3:slc|Mem2IO:memory_subsystem                 ; Mem2IO       ; work         ;
;       |datapath:d0|                    ; 593 (117)           ; 206 (0)                   ; 0           ; 0          ; 0            ; 0       ; 0         ; 0    ; 0            ; 0          ; |slc3_testtop|slc3:slc|datapath:d0                             ; datapath     ; work         ;
;          |ALUmux:ALU_mod|              ; 13 (13)             ; 0 (0)                     ; 0           ; 0          ; 0            ; 0       ; 0         ; 0    ; 0            ; 0          ; |slc3_testtop|slc3:slc|datapath:d0|ALUmux:ALU_mod              ; ALUmux       ; work         ;
;          |BENNZP:BENNZP_mod|           ; 12 (12)             ; 4 (4)                     ; 0           ; 0          ; 0            ; 0       ; 0         ; 0    ; 0            ; 0          ; |slc3_testtop|slc3:slc|datapath:d0|BENNZP:BENNZP_mod           ; BENNZP       ; work         ;
;          |LED_control:LED_control_mod| ; 11 (11)             ; 10 (10)                   ; 0           ; 0          ; 0            ; 0       ; 0         ; 0    ; 0            ; 0          ; |slc3_testtop|slc3:slc|datapath:d0|LED_control:LED_control_mod ; LED_control  ; work         ;
;          |gatemux:GateMux|             ; 60 (60)             ; 0 (0)                     ; 0           ; 0          ; 0            ; 0       ; 0         ; 0    ; 0            ; 0          ; |slc3_testtop|slc3:slc|datapath:d0|gatemux:GateMux             ; gatemux      ; work         ;
;          |mux_2:SR2MUX_mod|            ; 80 (80)             ; 0 (0)                     ; 0           ; 0          ; 0            ; 0       ; 0         ; 0    ; 0            ; 0          ; |slc3_testtop|slc3:slc|datapath:d0|mux_2:SR2MUX_mod            ; mux_2        ; work         ;
;          |mux_4:ADDR2MUX_mod|          ; 4 (4)               ; 0 (0)                     ; 0           ; 0          ; 0            ; 0       ; 0         ; 0    ; 0            ; 0          ; |slc3_testtop|slc3:slc|datapath:d0|mux_4:ADDR2MUX_mod          ; mux_4        ; work         ;
;          |mux_DR_SR1:SR1MUX_mod|       ; 3 (3)               ; 0 (0)                     ; 0           ; 0          ; 0            ; 0       ; 0         ; 0    ; 0            ; 0          ; |slc3_testtop|slc3:slc|datapath:d0|mux_DR_SR1:SR1MUX_mod       ; mux_DR_SR1   ; work         ;
;          |register:IR_register|        ; 16 (16)             ; 16 (16)                   ; 0           ; 0          ; 0            ; 0       ; 0         ; 0    ; 0            ; 0          ; |slc3_testtop|slc3:slc|datapath:d0|register:IR_register        ; register     ; work         ;
;          |register:MAR_register|       ; 4 (4)               ; 16 (16)                   ; 0           ; 0          ; 0            ; 0       ; 0         ; 0    ; 0            ; 0          ; |slc3_testtop|slc3:slc|datapath:d0|register:MAR_register       ; register     ; work         ;
;          |register:MDR_register|       ; 19 (19)             ; 16 (16)                   ; 0           ; 0          ; 0            ; 0       ; 0         ; 0    ; 0            ; 0          ; |slc3_testtop|slc3:slc|datapath:d0|register:MDR_register       ; register     ; work         ;
;          |register:PC_register|        ; 19 (19)             ; 16 (16)                   ; 0           ; 0          ; 0            ; 0       ; 0         ; 0    ; 0            ; 0          ; |slc3_testtop|slc3:slc|datapath:d0|register:PC_register        ; register     ; work         ;
;          |registerFile:reg_control|    ; 235 (235)           ; 128 (128)                 ; 0           ; 0          ; 0            ; 0       ; 0         ; 0    ; 0            ; 0          ; |slc3_testtop|slc3:slc|datapath:d0|registerFile:reg_control    ; registerFile ; work         ;
;    |sync:button_sync[1]|               ; 0 (0)               ; 1 (1)                     ; 0           ; 0          ; 0            ; 0       ; 0         ; 0    ; 0            ; 0          ; |slc3_testtop|sync:button_sync[1]                              ; sync         ; work         ;
+----------------------------------------+---------------------+---------------------------+-------------+------------+--------------+---------+-----------+------+--------------+------------+----------------------------------------------------------------+--------------+--------------+
Note: For table entries with two numbers listed, the numbers in parentheses indicate the number of resources of the given type used by the specific entity alone. The numbers listed outside of parentheses indicate the total resources of the given type used by the specific entity and all of its sub-entities in the hierarchy.


Encoding Type:  One-Hot
+-----------------------------------------------------------------------------------------------------------------------------------------------------------------------------------------------------------------------------------------------------------------------------------------------------------------------------------------------------------------------------------------------------------+
; State Machine - |slc3_testtop|slc3:slc|ISDU:state_controller|State                                                                                                                                                                                                                                                                                                                                        ;
+----------------+------------+------------+------------+------------+------------+--------------+--------------+--------------+------------+------------+------------+--------------+--------------+--------------+------------+------------+------------+------------+------------+------------+--------------+--------------+--------------+------------+----------------+----------------+--------------+
; Name           ; State.S_21 ; State.S_04 ; State.S_12 ; State.S_22 ; State.S_00 ; State.S_16_3 ; State.S_16_2 ; State.S_16_1 ; State.S_23 ; State.S_07 ; State.S_27 ; State.S_25_3 ; State.S_25_2 ; State.S_25_1 ; State.S_06 ; State.S_09 ; State.S_05 ; State.S_01 ; State.S_32 ; State.S_35 ; State.S_33_3 ; State.S_33_2 ; State.S_33_1 ; State.S_18 ; State.PauseIR2 ; State.PauseIR1 ; State.Halted ;
+----------------+------------+------------+------------+------------+------------+--------------+--------------+--------------+------------+------------+------------+--------------+--------------+--------------+------------+------------+------------+------------+------------+------------+--------------+--------------+--------------+------------+----------------+----------------+--------------+
; State.Halted   ; 0          ; 0          ; 0          ; 0          ; 0          ; 0            ; 0            ; 0            ; 0          ; 0          ; 0          ; 0            ; 0            ; 0            ; 0          ; 0          ; 0          ; 0          ; 0          ; 0          ; 0            ; 0            ; 0            ; 0          ; 0              ; 0              ; 0            ;
; State.PauseIR1 ; 0          ; 0          ; 0          ; 0          ; 0          ; 0            ; 0            ; 0            ; 0          ; 0          ; 0          ; 0            ; 0            ; 0            ; 0          ; 0          ; 0          ; 0          ; 0          ; 0          ; 0            ; 0            ; 0            ; 0          ; 0              ; 1              ; 1            ;
; State.PauseIR2 ; 0          ; 0          ; 0          ; 0          ; 0          ; 0            ; 0            ; 0            ; 0          ; 0          ; 0          ; 0            ; 0            ; 0            ; 0          ; 0          ; 0          ; 0          ; 0          ; 0          ; 0            ; 0            ; 0            ; 0          ; 1              ; 0              ; 1            ;
; State.S_18     ; 0          ; 0          ; 0          ; 0          ; 0          ; 0            ; 0            ; 0            ; 0          ; 0          ; 0          ; 0            ; 0            ; 0            ; 0          ; 0          ; 0          ; 0          ; 0          ; 0          ; 0            ; 0            ; 0            ; 1          ; 0              ; 0              ; 1            ;
; State.S_33_1   ; 0          ; 0          ; 0          ; 0          ; 0          ; 0            ; 0            ; 0            ; 0          ; 0          ; 0          ; 0            ; 0            ; 0            ; 0          ; 0          ; 0          ; 0          ; 0          ; 0          ; 0            ; 0            ; 1            ; 0          ; 0              ; 0              ; 1            ;
; State.S_33_2   ; 0          ; 0          ; 0          ; 0          ; 0          ; 0            ; 0            ; 0            ; 0          ; 0          ; 0          ; 0            ; 0            ; 0            ; 0          ; 0          ; 0          ; 0          ; 0          ; 0          ; 0            ; 1            ; 0            ; 0          ; 0              ; 0              ; 1            ;
; State.S_33_3   ; 0          ; 0          ; 0          ; 0          ; 0          ; 0            ; 0            ; 0            ; 0          ; 0          ; 0          ; 0            ; 0            ; 0            ; 0          ; 0          ; 0          ; 0          ; 0          ; 0          ; 1            ; 0            ; 0            ; 0          ; 0              ; 0              ; 1            ;
; State.S_35     ; 0          ; 0          ; 0          ; 0          ; 0          ; 0            ; 0            ; 0            ; 0          ; 0          ; 0          ; 0            ; 0            ; 0            ; 0          ; 0          ; 0          ; 0          ; 0          ; 1          ; 0            ; 0            ; 0            ; 0          ; 0              ; 0              ; 1            ;
; State.S_32     ; 0          ; 0          ; 0          ; 0          ; 0          ; 0            ; 0            ; 0            ; 0          ; 0          ; 0          ; 0            ; 0            ; 0            ; 0          ; 0          ; 0          ; 0          ; 1          ; 0          ; 0            ; 0            ; 0            ; 0          ; 0              ; 0              ; 1            ;
; State.S_01     ; 0          ; 0          ; 0          ; 0          ; 0          ; 0            ; 0            ; 0            ; 0          ; 0          ; 0          ; 0            ; 0            ; 0            ; 0          ; 0          ; 0          ; 1          ; 0          ; 0          ; 0            ; 0            ; 0            ; 0          ; 0              ; 0              ; 1            ;
; State.S_05     ; 0          ; 0          ; 0          ; 0          ; 0          ; 0            ; 0            ; 0            ; 0          ; 0          ; 0          ; 0            ; 0            ; 0            ; 0          ; 0          ; 1          ; 0          ; 0          ; 0          ; 0            ; 0            ; 0            ; 0          ; 0              ; 0              ; 1            ;
; State.S_09     ; 0          ; 0          ; 0          ; 0          ; 0          ; 0            ; 0            ; 0            ; 0          ; 0          ; 0          ; 0            ; 0            ; 0            ; 0          ; 1          ; 0          ; 0          ; 0          ; 0          ; 0            ; 0            ; 0            ; 0          ; 0              ; 0              ; 1            ;
; State.S_06     ; 0          ; 0          ; 0          ; 0          ; 0          ; 0            ; 0            ; 0            ; 0          ; 0          ; 0          ; 0            ; 0            ; 0            ; 1          ; 0          ; 0          ; 0          ; 0          ; 0          ; 0            ; 0            ; 0            ; 0          ; 0              ; 0              ; 1            ;
; State.S_25_1   ; 0          ; 0          ; 0          ; 0          ; 0          ; 0            ; 0            ; 0            ; 0          ; 0          ; 0          ; 0            ; 0            ; 1            ; 0          ; 0          ; 0          ; 0          ; 0          ; 0          ; 0            ; 0            ; 0            ; 0          ; 0              ; 0              ; 1            ;
; State.S_25_2   ; 0          ; 0          ; 0          ; 0          ; 0          ; 0            ; 0            ; 0            ; 0          ; 0          ; 0          ; 0            ; 1            ; 0            ; 0          ; 0          ; 0          ; 0          ; 0          ; 0          ; 0            ; 0            ; 0            ; 0          ; 0              ; 0              ; 1            ;
; State.S_25_3   ; 0          ; 0          ; 0          ; 0          ; 0          ; 0            ; 0            ; 0            ; 0          ; 0          ; 0          ; 1            ; 0            ; 0            ; 0          ; 0          ; 0          ; 0          ; 0          ; 0          ; 0            ; 0            ; 0            ; 0          ; 0              ; 0              ; 1            ;
; State.S_27     ; 0          ; 0          ; 0          ; 0          ; 0          ; 0            ; 0            ; 0            ; 0          ; 0          ; 1          ; 0            ; 0            ; 0            ; 0          ; 0          ; 0          ; 0          ; 0          ; 0          ; 0            ; 0            ; 0            ; 0          ; 0              ; 0              ; 1            ;
; State.S_07     ; 0          ; 0          ; 0          ; 0          ; 0          ; 0            ; 0            ; 0            ; 0          ; 1          ; 0          ; 0            ; 0            ; 0            ; 0          ; 0          ; 0          ; 0          ; 0          ; 0          ; 0            ; 0            ; 0            ; 0          ; 0              ; 0              ; 1            ;
; State.S_23     ; 0          ; 0          ; 0          ; 0          ; 0          ; 0            ; 0            ; 0            ; 1          ; 0          ; 0          ; 0            ; 0            ; 0            ; 0          ; 0          ; 0          ; 0          ; 0          ; 0          ; 0            ; 0            ; 0            ; 0          ; 0              ; 0              ; 1            ;
; State.S_16_1   ; 0          ; 0          ; 0          ; 0          ; 0          ; 0            ; 0            ; 1            ; 0          ; 0          ; 0          ; 0            ; 0            ; 0            ; 0          ; 0          ; 0          ; 0          ; 0          ; 0          ; 0            ; 0            ; 0            ; 0          ; 0              ; 0              ; 1            ;
; State.S_16_2   ; 0          ; 0          ; 0          ; 0          ; 0          ; 0            ; 1            ; 0            ; 0          ; 0          ; 0          ; 0            ; 0            ; 0            ; 0          ; 0          ; 0          ; 0          ; 0          ; 0          ; 0            ; 0            ; 0            ; 0          ; 0              ; 0              ; 1            ;
; State.S_16_3   ; 0          ; 0          ; 0          ; 0          ; 0          ; 1            ; 0            ; 0            ; 0          ; 0          ; 0          ; 0            ; 0            ; 0            ; 0          ; 0          ; 0          ; 0          ; 0          ; 0          ; 0            ; 0            ; 0            ; 0          ; 0              ; 0              ; 1            ;
; State.S_00     ; 0          ; 0          ; 0          ; 0          ; 1          ; 0            ; 0            ; 0            ; 0          ; 0          ; 0          ; 0            ; 0            ; 0            ; 0          ; 0          ; 0          ; 0          ; 0          ; 0          ; 0            ; 0            ; 0            ; 0          ; 0              ; 0              ; 1            ;
; State.S_22     ; 0          ; 0          ; 0          ; 1          ; 0          ; 0            ; 0            ; 0            ; 0          ; 0          ; 0          ; 0            ; 0            ; 0            ; 0          ; 0          ; 0          ; 0          ; 0          ; 0          ; 0            ; 0            ; 0            ; 0          ; 0              ; 0              ; 1            ;
; State.S_12     ; 0          ; 0          ; 1          ; 0          ; 0          ; 0            ; 0            ; 0            ; 0          ; 0          ; 0          ; 0            ; 0            ; 0            ; 0          ; 0          ; 0          ; 0          ; 0          ; 0          ; 0            ; 0            ; 0            ; 0          ; 0              ; 0              ; 1            ;
; State.S_04     ; 0          ; 1          ; 0          ; 0          ; 0          ; 0            ; 0            ; 0            ; 0          ; 0          ; 0          ; 0            ; 0            ; 0            ; 0          ; 0          ; 0          ; 0          ; 0          ; 0          ; 0            ; 0            ; 0            ; 0          ; 0              ; 0              ; 1            ;
; State.S_21     ; 1          ; 0          ; 0          ; 0          ; 0          ; 0            ; 0            ; 0            ; 0          ; 0          ; 0          ; 0            ; 0            ; 0            ; 0          ; 0          ; 0          ; 0          ; 0          ; 0          ; 0            ; 0            ; 0            ; 0          ; 0              ; 0              ; 1            ;
+----------------+------------+------------+------------+------------+------------+--------------+--------------+--------------+------------+------------+------------+--------------+--------------+--------------+------------+------------+------------+------------+------------+------------+--------------+--------------+--------------+------------+----------------+----------------+--------------+


+-------------------------------------------------------------+
; Registers Removed During Synthesis                          ;
+----------------------------------------+--------------------+
; Register name                          ; Reason for Removal ;
+----------------------------------------+--------------------+
; slc3:slc|ISDU:state_controller|State~2 ; Lost fanout        ;
; slc3:slc|ISDU:state_controller|State~3 ; Lost fanout        ;
; slc3:slc|ISDU:state_controller|State~4 ; Lost fanout        ;
; slc3:slc|ISDU:state_controller|State~5 ; Lost fanout        ;
; slc3:slc|ISDU:state_controller|State~6 ; Lost fanout        ;
; Total Number of Removed Registers = 5  ;                    ;
+----------------------------------------+--------------------+


+------------------------------------------------------+
; General Register Statistics                          ;
+----------------------------------------------+-------+
; Statistic                                    ; Value ;
+----------------------------------------------+-------+
; Total registers                              ; 250   ;
; Number of registers using Synchronous Clear  ; 26    ;
; Number of registers using Synchronous Load   ; 10    ;
; Number of registers using Asynchronous Clear ; 0     ;
; Number of registers using Asynchronous Load  ; 0     ;
; Number of registers using Clock Enable       ; 221   ;
; Number of registers using Preset             ; 0     ;
+----------------------------------------------+-------+


+--------------------------------------------------------------------------------------------------------------------------------------------------------------------------------------+
; Multiplexer Restructuring Statistics (Restructuring Performed)                                                                                                                       ;
+--------------------+-----------+---------------+----------------------+------------------------+------------+------------------------------------------------------------------------+
; Multiplexer Inputs ; Bus Width ; Baseline Area ; Area if Restructured ; Saving if Restructured ; Registered ; Example Multiplexer Output                                             ;
+--------------------+-----------+---------------+----------------------+------------------------+------------+------------------------------------------------------------------------+
; 3:1                ; 10 bits   ; 20 LEs        ; 10 LEs               ; 10 LEs                 ; Yes        ; |slc3_testtop|slc3:slc|datapath:d0|LED_control:LED_control_mod|LED[0]  ;
; 3:1                ; 16 bits   ; 32 LEs        ; 16 LEs               ; 16 LEs                 ; Yes        ; |slc3_testtop|slc3:slc|datapath:d0|register:IR_register|Data_Out[0]    ;
; 3:1                ; 16 bits   ; 32 LEs        ; 16 LEs               ; 16 LEs                 ; Yes        ; |slc3_testtop|slc3:slc|datapath:d0|registerFile:reg_control|Reg[0][9]  ;
; 3:1                ; 16 bits   ; 32 LEs        ; 16 LEs               ; 16 LEs                 ; Yes        ; |slc3_testtop|slc3:slc|datapath:d0|registerFile:reg_control|Reg[1][4]  ;
; 3:1                ; 16 bits   ; 32 LEs        ; 16 LEs               ; 16 LEs                 ; Yes        ; |slc3_testtop|slc3:slc|datapath:d0|registerFile:reg_control|Reg[2][6]  ;
; 3:1                ; 16 bits   ; 32 LEs        ; 16 LEs               ; 16 LEs                 ; Yes        ; |slc3_testtop|slc3:slc|datapath:d0|registerFile:reg_control|Reg[3][11] ;
; 3:1                ; 16 bits   ; 32 LEs        ; 16 LEs               ; 16 LEs                 ; Yes        ; |slc3_testtop|slc3:slc|datapath:d0|registerFile:reg_control|Reg[4][12] ;
; 3:1                ; 16 bits   ; 32 LEs        ; 16 LEs               ; 16 LEs                 ; Yes        ; |slc3_testtop|slc3:slc|datapath:d0|registerFile:reg_control|Reg[5][12] ;
; 3:1                ; 16 bits   ; 32 LEs        ; 16 LEs               ; 16 LEs                 ; Yes        ; |slc3_testtop|slc3:slc|datapath:d0|registerFile:reg_control|Reg[6][12] ;
; 3:1                ; 16 bits   ; 32 LEs        ; 16 LEs               ; 16 LEs                 ; Yes        ; |slc3_testtop|slc3:slc|datapath:d0|registerFile:reg_control|Reg[7][12] ;
; 3:1                ; 16 bits   ; 32 LEs        ; 16 LEs               ; 16 LEs                 ; Yes        ; |slc3_testtop|slc3:slc|Mem2IO:memory_subsystem|hex_data[3]             ;
; 3:1                ; 16 bits   ; 32 LEs        ; 16 LEs               ; 16 LEs                 ; Yes        ; |slc3_testtop|slc3:slc|datapath:d0|register:MAR_register|Data_Out[7]   ;
; 3:1                ; 16 bits   ; 32 LEs        ; 16 LEs               ; 16 LEs                 ; Yes        ; |slc3_testtop|slc3:slc|datapath:d0|register:PC_register|Data_Out[0]    ;
; 4:1                ; 6 bits    ; 12 LEs        ; 6 LEs                ; 6 LEs                  ; Yes        ; |slc3_testtop|slc3:slc|datapath:d0|register:MDR_register|Data_Out[15]  ;
; 6:1                ; 10 bits   ; 40 LEs        ; 20 LEs               ; 20 LEs                 ; Yes        ; |slc3_testtop|slc3:slc|datapath:d0|register:MDR_register|Data_Out[3]   ;
; 3:1                ; 2 bits    ; 4 LEs         ; 4 LEs                ; 0 LEs                  ; No         ; |slc3_testtop|slc3:slc|datapath:d0|mux_4:ADDR2MUX_mod|Mux5             ;
; 8:1                ; 16 bits   ; 80 LEs        ; 80 LEs               ; 0 LEs                  ; No         ; |slc3_testtop|slc3:slc|datapath:d0|registerFile:reg_control|Mux15      ;
; 9:1                ; 16 bits   ; 96 LEs        ; 96 LEs               ; 0 LEs                  ; No         ; |slc3_testtop|slc3:slc|datapath:d0|mux_2:SR2MUX_mod|mux_out[10]        ;
; 19:1               ; 16 bits   ; 192 LEs       ; 96 LEs               ; 96 LEs                 ; No         ; |slc3_testtop|slc3:slc|datapath:d0|gatemux:GateMux|Mux0                ;
+--------------------+-----------+---------------+----------------------+------------------------+------------+------------------------------------------------------------------------+


+--------------------------------------------------------------+
; Parameter Settings for User Entity Instance: test_memory:mem ;
+----------------+-------+-------------------------------------+
; Parameter Name ; Value ; Type                                ;
+----------------+-------+-------------------------------------+
; size           ; 256   ; Signed Integer                      ;
; init_external  ; 0     ; Signed Integer                      ;
+----------------+-------+-------------------------------------+
Note: In order to hide this table in the UI and the text report file, please set the "Show Parameter Settings in Synthesis Report" option in "Analysis and Synthesis Settings -> More Settings" to "Off".


+-----------------------------------------------------------------------------------+
; Parameter Settings for User Entity Instance: test_memory:mem|memory_parser:parser ;
+----------------+-------+----------------------------------------------------------+
; Parameter Name ; Value ; Type                                                     ;
+----------------+-------+----------------------------------------------------------+
; size           ; 256   ; Signed Integer                                           ;
+----------------+-------+----------------------------------------------------------+
Note: In order to hide this table in the UI and the text report file, please set the "Show Parameter Settings in Synthesis Report" option in "Analysis and Synthesis Settings -> More Settings" to "Off".


+-------------------------------------------------------------------------------------------------------------------------------------------------------+
; Port Connectivity Checks: "slc3:slc|datapath:d0|LED_control:LED_control_mod"                                                                          ;
+------+--------+----------+----------------------------------------------------------------------------------------------------------------------------+
; Port ; Type   ; Severity ; Details                                                                                                                    ;
+------+--------+----------+----------------------------------------------------------------------------------------------------------------------------+
; LED  ; Output ; Warning  ; Output or bidir port (12 bits) is wider than the port expression (10 bits) it drives; bit(s) "LED[11..10]" have no fanouts ;
+------+--------+----------+----------------------------------------------------------------------------------------------------------------------------+


+----------------------------------------------------------------------------------------------------------------------------------------------------------------------+
; Port Connectivity Checks: "slc3:slc|datapath:d0|ALUmux:ALU_mod"                                                                                                      ;
+------+-------+----------+--------------------------------------------------------------------------------------------------------------------------------------------+
; Port ; Type  ; Severity ; Details                                                                                                                                    ;
+------+-------+----------+--------------------------------------------------------------------------------------------------------------------------------------------+
; cs   ; Input ; Warning  ; Input port expression (2 bits) is smaller than the input port (4 bits) it drives.  Extra input bit(s) "cs[3..2]" will be connected to GND. ;
+------+-------+----------+--------------------------------------------------------------------------------------------------------------------------------------------+


+---------------------------------------------------------------------+
; Port Connectivity Checks: "slc3:slc|datapath:d0|mux_4:ADDR2MUX_mod" ;
+------+-------+----------+-------------------------------------------+
; Port ; Type  ; Severity ; Details                                   ;
+------+-------+----------+-------------------------------------------+
; S3   ; Input ; Info     ; Stuck at GND                              ;
+------+-------+----------+-------------------------------------------+


+-----------------------------------------------------------------------+
; Port Connectivity Checks: "slc3:slc|datapath:d0|mux_DR_SR1:DRMUX_mod" ;
+------+-------+----------+---------------------------------------------+
; Port ; Type  ; Severity ; Details                                     ;
+------+-------+----------+---------------------------------------------+
; S1   ; Input ; Info     ; Stuck at VCC                                ;
+------+-------+----------+---------------------------------------------+


+-------------------------------------------------------------------------------------------------------------------------------------------------------------------------------+
; Port Connectivity Checks: "slc3:slc|datapath:d0"                                                                                                                              ;
+-----------+--------+----------+-----------------------------------------------------------------------------------------------------------------------------------------------+
; Port      ; Type   ; Severity ; Details                                                                                                                                       ;
+-----------+--------+----------+-----------------------------------------------------------------------------------------------------------------------------------------------+
; S         ; Input  ; Warning  ; Input port expression (10 bits) is smaller than the input port (16 bits) it drives.  Extra input bit(s) "S[15..10]" will be connected to GND. ;
; IR[10..6] ; Output ; Info     ; Connected to dangling logic. Logic that only feeds a dangling port will be removed.                                                           ;
; IR[4..0]  ; Output ; Info     ; Connected to dangling logic. Logic that only feeds a dangling port will be removed.                                                           ;
; PC        ; Output ; Info     ; Connected to dangling logic. Logic that only feeds a dangling port will be removed.                                                           ;
+-----------+--------+----------+-----------------------------------------------------------------------------------------------------------------------------------------------+


+------------------------------------------------------------------------------------------------------------------------+
; Port Connectivity Checks: "slc3:slc"                                                                                   ;
+--------------+--------+----------+-------------------------------------------------------------------------------------+
; Port         ; Type   ; Severity ; Details                                                                             ;
+--------------+--------+----------+-------------------------------------------------------------------------------------+
; ADDR[15..10] ; Output ; Info     ; Connected to dangling logic. Logic that only feeds a dangling port will be removed. ;
+--------------+--------+----------+-------------------------------------------------------------------------------------+


+----------------------------------------------------------------------------------------------------------------+
; Port Connectivity Checks: "sync:button_sync[0]"                                                                ;
+------+--------+----------+-------------------------------------------------------------------------------------+
; Port ; Type   ; Severity ; Details                                                                             ;
+------+--------+----------+-------------------------------------------------------------------------------------+
; q    ; Output ; Info     ; Connected to dangling logic. Logic that only feeds a dangling port will be removed. ;
+------+--------+----------+-------------------------------------------------------------------------------------+


+-----------------------------------------------------+
; Post-Synthesis Netlist Statistics for Top Partition ;
+-----------------------+-----------------------------+
; Type                  ; Count                       ;
+-----------------------+-----------------------------+
; boundary_port         ; 51                          ;
; cycloneiii_ff         ; 250                         ;
;     ENA               ; 195                         ;
;     ENA SCLR          ; 16                          ;
;     ENA SCLR SLD      ; 10                          ;
;     plain             ; 29                          ;
; cycloneiii_lcell_comb ; 697                         ;
;     arith             ; 30                          ;
;         3 data inputs ; 30                          ;
;     normal            ; 667                         ;
;         1 data inputs ; 4                           ;
;         2 data inputs ; 132                         ;
;         3 data inputs ; 119                         ;
;         4 data inputs ; 412                         ;
;                       ;                             ;
; Max LUT depth         ; 16.00                       ;
; Average LUT depth     ; 9.01                        ;
+-----------------------+-----------------------------+


+-------------------------------+
; Elapsed Time Per Partition    ;
+----------------+--------------+
; Partition Name ; Elapsed Time ;
+----------------+--------------+
; Top            ; 00:00:01     ;
+----------------+--------------+


+-------------------------------+
; Analysis & Synthesis Messages ;
+-------------------------------+
Info: *******************************************************************
Info: Running Quartus Prime Analysis & Synthesis
    Info: Version 18.1.0 Build 625 09/12/2018 SJ Lite Edition
    Info: Processing started: Fri Mar 19 23:37:05 2021
Info: Command: quartus_map --read_settings_files=on --write_settings_files=off lab5 -c lab5
Warning (18236): Number of processors has not been specified which may cause overloading on shared machines.  Set the global assignment NUM_PARALLEL_PROCESSORS in your QSF to an appropriate value for best performance.
Info (20030): Parallel compilation is enabled and will use 4 of the 4 processors detected
Info (12021): Found 1 design units, including 1 entities, in source file testbench.sv
    Info (12023): Found entity 1: testbench File: C:/Users/siddh/Google Drive/UIUC/Academic Years/Junior/Spring 2021/ECE385/Labs/Lab 5/Lab5provided_sp2021/testbench.sv Line: 1
Info (12021): Found 1 design units, including 1 entities, in source file hexdriver.sv
    Info (12023): Found entity 1: HexDriver File: C:/Users/siddh/Google Drive/UIUC/Academic Years/Junior/Spring 2021/ECE385/Labs/Lab 5/Lab5provided_sp2021/HexDriver.sv Line: 1
Info (12021): Found 12 design units, including 12 entities, in source file support_module.sv
    Info (12023): Found entity 1: datapath File: C:/Users/siddh/Google Drive/UIUC/Academic Years/Junior/Spring 2021/ECE385/Labs/Lab 5/Lab5provided_sp2021/support_module.sv Line: 1
    Info (12023): Found entity 2: register File: C:/Users/siddh/Google Drive/UIUC/Academic Years/Junior/Spring 2021/ECE385/Labs/Lab 5/Lab5provided_sp2021/support_module.sv Line: 74
    Info (12023): Found entity 3: pcmux File: C:/Users/siddh/Google Drive/UIUC/Academic Years/Junior/Spring 2021/ECE385/Labs/Lab 5/Lab5provided_sp2021/support_module.sv Line: 94
    Info (12023): Found entity 4: miomux File: C:/Users/siddh/Google Drive/UIUC/Academic Years/Junior/Spring 2021/ECE385/Labs/Lab 5/Lab5provided_sp2021/support_module.sv Line: 111
    Info (12023): Found entity 5: gatemux File: C:/Users/siddh/Google Drive/UIUC/Academic Years/Junior/Spring 2021/ECE385/Labs/Lab 5/Lab5provided_sp2021/support_module.sv Line: 129
    Info (12023): Found entity 6: ALUmux File: C:/Users/siddh/Google Drive/UIUC/Academic Years/Junior/Spring 2021/ECE385/Labs/Lab 5/Lab5provided_sp2021/support_module.sv Line: 149
    Info (12023): Found entity 7: mux_DR_SR1 File: C:/Users/siddh/Google Drive/UIUC/Academic Years/Junior/Spring 2021/ECE385/Labs/Lab 5/Lab5provided_sp2021/support_module.sv Line: 166
    Info (12023): Found entity 8: mux_4 File: C:/Users/siddh/Google Drive/UIUC/Academic Years/Junior/Spring 2021/ECE385/Labs/Lab 5/Lab5provided_sp2021/support_module.sv Line: 182
    Info (12023): Found entity 9: mux_2 File: C:/Users/siddh/Google Drive/UIUC/Academic Years/Junior/Spring 2021/ECE385/Labs/Lab 5/Lab5provided_sp2021/support_module.sv Line: 200
    Info (12023): Found entity 10: registerFile File: C:/Users/siddh/Google Drive/UIUC/Academic Years/Junior/Spring 2021/ECE385/Labs/Lab 5/Lab5provided_sp2021/support_module.sv Line: 218
    Info (12023): Found entity 11: BENNZP File: C:/Users/siddh/Google Drive/UIUC/Academic Years/Junior/Spring 2021/ECE385/Labs/Lab 5/Lab5provided_sp2021/support_module.sv Line: 281
    Info (12023): Found entity 12: LED_control File: C:/Users/siddh/Google Drive/UIUC/Academic Years/Junior/Spring 2021/ECE385/Labs/Lab 5/Lab5provided_sp2021/support_module.sv Line: 338
Info (12021): Found 1 design units, including 1 entities, in source file test_memory.sv
    Info (12023): Found entity 1: test_memory File: C:/Users/siddh/Google Drive/UIUC/Academic Years/Junior/Spring 2021/ECE385/Labs/Lab 5/Lab5provided_sp2021/test_memory.sv Line: 26
Info (12021): Found 3 design units, including 3 entities, in source file synchronizers.sv
    Info (12023): Found entity 1: sync File: C:/Users/siddh/Google Drive/UIUC/Academic Years/Junior/Spring 2021/ECE385/Labs/Lab 5/Lab5provided_sp2021/synchronizers.sv Line: 7
    Info (12023): Found entity 2: sync_r0 File: C:/Users/siddh/Google Drive/UIUC/Academic Years/Junior/Spring 2021/ECE385/Labs/Lab 5/Lab5provided_sp2021/synchronizers.sv Line: 21
    Info (12023): Found entity 3: sync_r1 File: C:/Users/siddh/Google Drive/UIUC/Academic Years/Junior/Spring 2021/ECE385/Labs/Lab 5/Lab5provided_sp2021/synchronizers.sv Line: 42
Info (12021): Found 1 design units, including 1 entities, in source file slc3_testtop.sv
    Info (12023): Found entity 1: slc3_testtop File: C:/Users/siddh/Google Drive/UIUC/Academic Years/Junior/Spring 2021/ECE385/Labs/Lab 5/Lab5provided_sp2021/slc3_testtop.sv Line: 4
Info (12021): Found 1 design units, including 1 entities, in source file slc3_sramtop.sv
    Info (12023): Found entity 1: slc3_sramtop File: C:/Users/siddh/Google Drive/UIUC/Academic Years/Junior/Spring 2021/ECE385/Labs/Lab 5/Lab5provided_sp2021/slc3_sramtop.sv Line: 5
Info (12021): Found 1 design units, including 0 entities, in source file slc3_2.sv
    Info (12022): Found design unit 1: SLC3_2 (SystemVerilog) File: C:/Users/siddh/Google Drive/UIUC/Academic Years/Junior/Spring 2021/ECE385/Labs/Lab 5/Lab5provided_sp2021/SLC3_2.sv Line: 24
Info (12021): Found 1 design units, including 1 entities, in source file slc3.sv
    Info (12023): Found entity 1: slc3 File: C:/Users/siddh/Google Drive/UIUC/Academic Years/Junior/Spring 2021/ECE385/Labs/Lab 5/Lab5provided_sp2021/slc3.sv Line: 20
Info (12021): Found 1 design units, including 1 entities, in source file memory_contents.sv
    Info (12023): Found entity 1: memory_parser File: C:/Users/siddh/Google Drive/UIUC/Academic Years/Junior/Spring 2021/ECE385/Labs/Lab 5/Lab5provided_sp2021/memory_contents.sv Line: 18
Info (12021): Found 1 design units, including 1 entities, in source file mem2io.sv
    Info (12023): Found entity 1: Mem2IO File: C:/Users/siddh/Google Drive/UIUC/Academic Years/Junior/Spring 2021/ECE385/Labs/Lab 5/Lab5provided_sp2021/Mem2IO.sv Line: 16
Info (12021): Found 1 design units, including 1 entities, in source file isdu.sv
    Info (12023): Found entity 1: ISDU File: C:/Users/siddh/Google Drive/UIUC/Academic Years/Junior/Spring 2021/ECE385/Labs/Lab 5/Lab5provided_sp2021/ISDU.sv Line: 19
Info (12021): Found 1 design units, including 1 entities, in source file instantiateram.sv
    Info (12023): Found entity 1: Instantiateram File: C:/Users/siddh/Google Drive/UIUC/Academic Years/Junior/Spring 2021/ECE385/Labs/Lab 5/Lab5provided_sp2021/Instantiateram.sv Line: 18
Info (12021): Found 1 design units, including 1 entities, in source file ram.v
    Info (12023): Found entity 1: ram File: C:/Users/siddh/Google Drive/UIUC/Academic Years/Junior/Spring 2021/ECE385/Labs/Lab 5/Lab5provided_sp2021/ram.v Line: 39
Info (12127): Elaborating entity "slc3_testtop" for the top level hierarchy
Warning (10036): Verilog HDL or VHDL warning at slc3_testtop.sv(24): object "Reset_ah" assigned a value but never read File: C:/Users/siddh/Google Drive/UIUC/Academic Years/Junior/Spring 2021/ECE385/Labs/Lab 5/Lab5provided_sp2021/slc3_testtop.sv Line: 24
Warning (10036): Verilog HDL or VHDL warning at slc3_testtop.sv(24): object "Continue_ah" assigned a value but never read File: C:/Users/siddh/Google Drive/UIUC/Academic Years/Junior/Spring 2021/ECE385/Labs/Lab 5/Lab5provided_sp2021/slc3_testtop.sv Line: 24
Info (12128): Elaborating entity "sync" for hierarchy "sync:button_sync[0]" File: C:/Users/siddh/Google Drive/UIUC/Academic Years/Junior/Spring 2021/ECE385/Labs/Lab 5/Lab5provided_sp2021/slc3_testtop.sv Line: 15
Info (12128): Elaborating entity "slc3" for hierarchy "slc3:slc" File: C:/Users/siddh/Google Drive/UIUC/Academic Years/Junior/Spring 2021/ECE385/Labs/Lab 5/Lab5provided_sp2021/slc3_testtop.sv Line: 31
Info (12128): Elaborating entity "HexDriver" for hierarchy "slc3:slc|HexDriver:hex_drivers[0]" File: C:/Users/siddh/Google Drive/UIUC/Academic Years/Junior/Spring 2021/ECE385/Labs/Lab 5/Lab5provided_sp2021/slc3.sv Line: 36
Info (12128): Elaborating entity "datapath" for hierarchy "slc3:slc|datapath:d0" File: C:/Users/siddh/Google Drive/UIUC/Academic Years/Junior/Spring 2021/ECE385/Labs/Lab 5/Lab5provided_sp2021/slc3.sv Line: 69
Info (12128): Elaborating entity "gatemux" for hierarchy "slc3:slc|datapath:d0|gatemux:GateMux" File: C:/Users/siddh/Google Drive/UIUC/Academic Years/Junior/Spring 2021/ECE385/Labs/Lab 5/Lab5provided_sp2021/support_module.sv Line: 31
Info (10264): Verilog HDL Case Statement information at support_module.sv(136): all case item expressions in this case statement are onehot File: C:/Users/siddh/Google Drive/UIUC/Academic Years/Junior/Spring 2021/ECE385/Labs/Lab 5/Lab5provided_sp2021/support_module.sv Line: 136
Info (12128): Elaborating entity "register" for hierarchy "slc3:slc|datapath:d0|register:PC_register" File: C:/Users/siddh/Google Drive/UIUC/Academic Years/Junior/Spring 2021/ECE385/Labs/Lab 5/Lab5provided_sp2021/support_module.sv Line: 34
Info (12128): Elaborating entity "mux_DR_SR1" for hierarchy "slc3:slc|datapath:d0|mux_DR_SR1:DRMUX_mod" File: C:/Users/siddh/Google Drive/UIUC/Academic Years/Junior/Spring 2021/ECE385/Labs/Lab 5/Lab5provided_sp2021/support_module.sv Line: 36
Info (12128): Elaborating entity "registerFile" for hierarchy "slc3:slc|datapath:d0|registerFile:reg_control" File: C:/Users/siddh/Google Drive/UIUC/Academic Years/Junior/Spring 2021/ECE385/Labs/Lab 5/Lab5provided_sp2021/support_module.sv Line: 39
Info (12128): Elaborating entity "pcmux" for hierarchy "slc3:slc|datapath:d0|pcmux:PC_MUX" File: C:/Users/siddh/Google Drive/UIUC/Academic Years/Junior/Spring 2021/ECE385/Labs/Lab 5/Lab5provided_sp2021/support_module.sv Line: 41
Warning (10958): SystemVerilog warning at support_module.sv(102): unique or priority keyword makes case statement complete File: C:/Users/siddh/Google Drive/UIUC/Academic Years/Junior/Spring 2021/ECE385/Labs/Lab 5/Lab5provided_sp2021/support_module.sv Line: 102
Info (12128): Elaborating entity "mux_4" for hierarchy "slc3:slc|datapath:d0|mux_4:ADDR2MUX_mod" File: C:/Users/siddh/Google Drive/UIUC/Academic Years/Junior/Spring 2021/ECE385/Labs/Lab 5/Lab5provided_sp2021/support_module.sv Line: 47
Info (12128): Elaborating entity "mux_2" for hierarchy "slc3:slc|datapath:d0|mux_2:ADDR1MUX_mod" File: C:/Users/siddh/Google Drive/UIUC/Academic Years/Junior/Spring 2021/ECE385/Labs/Lab 5/Lab5provided_sp2021/support_module.sv Line: 49
Info (12128): Elaborating entity "ALUmux" for hierarchy "slc3:slc|datapath:d0|ALUmux:ALU_mod" File: C:/Users/siddh/Google Drive/UIUC/Academic Years/Junior/Spring 2021/ECE385/Labs/Lab 5/Lab5provided_sp2021/support_module.sv Line: 54
Warning (10958): SystemVerilog warning at support_module.sv(156): unique or priority keyword makes case statement complete File: C:/Users/siddh/Google Drive/UIUC/Academic Years/Junior/Spring 2021/ECE385/Labs/Lab 5/Lab5provided_sp2021/support_module.sv Line: 156
Info (12128): Elaborating entity "BENNZP" for hierarchy "slc3:slc|datapath:d0|BENNZP:BENNZP_mod" File: C:/Users/siddh/Google Drive/UIUC/Academic Years/Junior/Spring 2021/ECE385/Labs/Lab 5/Lab5provided_sp2021/support_module.sv Line: 61
Info (12128): Elaborating entity "miomux" for hierarchy "slc3:slc|datapath:d0|miomux:MIO_MUX" File: C:/Users/siddh/Google Drive/UIUC/Academic Years/Junior/Spring 2021/ECE385/Labs/Lab 5/Lab5provided_sp2021/support_module.sv Line: 67
Info (12128): Elaborating entity "LED_control" for hierarchy "slc3:slc|datapath:d0|LED_control:LED_control_mod" File: C:/Users/siddh/Google Drive/UIUC/Academic Years/Junior/Spring 2021/ECE385/Labs/Lab 5/Lab5provided_sp2021/support_module.sv Line: 69
Info (12128): Elaborating entity "Mem2IO" for hierarchy "slc3:slc|Mem2IO:memory_subsystem" File: C:/Users/siddh/Google Drive/UIUC/Academic Years/Junior/Spring 2021/ECE385/Labs/Lab 5/Lab5provided_sp2021/slc3.sv Line: 78
Info (12128): Elaborating entity "ISDU" for hierarchy "slc3:slc|ISDU:state_controller" File: C:/Users/siddh/Google Drive/UIUC/Academic Years/Junior/Spring 2021/ECE385/Labs/Lab 5/Lab5provided_sp2021/slc3.sv Line: 86
Info (12128): Elaborating entity "test_memory" for hierarchy "test_memory:mem" File: C:/Users/siddh/Google Drive/UIUC/Academic Years/Junior/Spring 2021/ECE385/Labs/Lab 5/Lab5provided_sp2021/slc3_testtop.sv Line: 32
Warning (10034): Output port "readout" at test_memory.sv(32) has no driver File: C:/Users/siddh/Google Drive/UIUC/Academic Years/Junior/Spring 2021/ECE385/Labs/Lab 5/Lab5provided_sp2021/test_memory.sv Line: 32
Info (12128): Elaborating entity "memory_parser" for hierarchy "test_memory:mem|memory_parser:parser" File: C:/Users/siddh/Google Drive/UIUC/Academic Years/Junior/Spring 2021/ECE385/Labs/Lab 5/Lab5provided_sp2021/test_memory.sv Line: 71
Warning (12241): 3 hierarchies have connectivity warnings - see the Connectivity Checks report folder
Info (286030): Timing-Driven Synthesis is running
Info (17049): 5 registers lost all their fanouts during netlist optimizations.
Info (144001): Generated suppressed messages file C:/Users/siddh/Google Drive/UIUC/Academic Years/Junior/Spring 2021/ECE385/Labs/Lab 5/Lab5provided_sp2021/output_files/lab5.map.smsg
Info (16010): Generating hard_block partition "hard_block:auto_generated_inst"
    Info (16011): Adding 0 node(s), including 0 DDIO, 0 PLL, 0 transceiver and 0 LCELL
Info (21057): Implemented 788 device resources after synthesis - the final resource count might be different
    Info (21058): Implemented 13 input pins
    Info (21059): Implemented 38 output pins
    Info (21061): Implemented 737 logic cells
Info: Quartus Prime Analysis & Synthesis was successful. 0 errors, 7 warnings
    Info: Peak virtual memory: 4769 megabytes
    Info: Processing ended: Fri Mar 19 23:37:19 2021
    Info: Elapsed time: 00:00:14
    Info: Total CPU time (on all processors): 00:00:28


+------------------------------------------+
; Analysis & Synthesis Suppressed Messages ;
+------------------------------------------+
The suppressed messages can be found in C:/Users/siddh/Google Drive/UIUC/Academic Years/Junior/Spring 2021/ECE385/Labs/Lab 5/Lab5provided_sp2021/output_files/lab5.map.smsg.


